ui2/build/outputs/logs/manifest-merger-debug-report.txt
-- Merging decision tree log ---
manifest
ADDED from src\main\AndroidManifest.xml:2:1-33:12
INJECTED from src\main\AndroidManifest.xml:2:1-33:12
INJECTED from src\main\AndroidManifest.xml:2:1-33:12
INJECTED from src\main\AndroidManifest.xml:2:1-33:12
INJECTED from src\main\AndroidManifest.xml:2:1-33:12
INJECTED from src\main\AndroidManifest.xml:2:1-33:12
INJECTED from src\main\AndroidManifest.xml:2:1-33:12
	package
		ADDED from src\main\AndroidManifest.xml:2:70-92
		INJECTED from src\main\AndroidManifest.xml
		INJECTED from src\main\AndroidManifest.xml
	android:versionName
		ADDED from src\main\AndroidManifest.xml:2:140-165
		INJECTED from src\main\AndroidManifest.xml
		INJECTED from src\main\AndroidManifest.xml
	xmlns:tools
		ADDED from src\main\AndroidManifest.xml:2:93-139
	xmlns:android
		ADDED from src\main\AndroidManifest.xml:2:11-69
	android:versionCode
		ADDED from src\main\AndroidManifest.xml:2:166-189
		INJECTED from src\main\AndroidManifest.xml
		INJECTED from src\main\AndroidManifest.xml
	android:installLocation
		ADDED from src\main\AndroidManifest.xml:2:190-230
supports-screens
ADDED from src\main\AndroidManifest.xml:3:3-163
	android:largeScreens
		ADDED from src\main\AndroidManifest.xml:3:78-105
	android:smallScreens
		ADDED from src\main\AndroidManifest.xml:3:21-48
	android:normalScreens
		ADDED from src\main\AndroidManifest.xml:3:49-77
	android:xlargeScreens
		ADDED from src\main\AndroidManifest.xml:3:106-134
	android:anyDensity
		ADDED from src\main\AndroidManifest.xml:3:135-160
application
ADDED from src\main\AndroidManifest.xml:4:3-19:17
	android:label
		ADDED from src\main\AndroidManifest.xml:6:7-39
	android:isGame
		ADDED from src\main\AndroidManifest.xml:7:7-28
activity#com.tracy.ui.UnityPlayerActivity2
ADDED from src\main\AndroidManifest.xml:10:5-13:16
	android:screenOrientation
		ADDED from src\main\AndroidManifest.xml:10:48-86
	android:label
		ADDED from src\main\AndroidManifest.xml:10:15-47
	android:launchMode
		ADDED from src\main\AndroidManifest.xml:10:87-118
	android:configChanges
		ADDED from src\main\AndroidManifest.xml:10:119-300
	android:name
		ADDED from src\main\AndroidManifest.xml:10:301-349
meta-data#unityplayer.UnityActivity
ADDED from src\main\AndroidManifest.xml:12:7-111
	tools:replace
		ADDED from src\main\AndroidManifest.xml:12:80-109
	android:value
		ADDED from src\main\AndroidManifest.xml:12:59-79
	android:name
		ADDED from src\main\AndroidManifest.xml:12:18-58
meta-data#unity.build-id
ADDED from src\main\AndroidManifest.xml:14:5-49
	android:name
		ADDED from src\main\AndroidManifest.xml:14:16-45
meta-data#unity.splash-mode
ADDED from src\main\AndroidManifest.xml:15:5-69
	android:value
		ADDED from src\main\AndroidManifest.xml:15:49-66
	android:name
		ADDED from src\main\AndroidManifest.xml:15:16-48
meta-data#unity.splash-enable
ADDED from src\main\AndroidManifest.xml:16:5-74
	android:value
		ADDED from src\main\AndroidManifest.xml:16:51-71
	android:name
		ADDED from src\main\AndroidManifest.xml:16:16-50
meta-data#android.max_aspect
ADDED from src\main\AndroidManifest.xml:17:5-72
	android:value
		ADDED from src\main\AndroidManifest.xml:17:50-69
	android:name
		ADDED from src\main\AndroidManifest.xml:17:16-49
uses-sdk
ADDED from src\main\AndroidManifest.xml:20:3-72
INJECTED from src\main\AndroidManifest.xml:20:3-72
INJECTED from src\main\AndroidManifest.xml:20:3-72
	android:targetSdkVersion
		ADDED from src\main\AndroidManifest.xml:20:40-69
		INJECTED from src\main\AndroidManifest.xml
		INJECTED from src\main\AndroidManifest.xml
	android:minSdkVersion
		ADDED from src\main\AndroidManifest.xml:20:13-39
uses-feature#0x00020000
ADDED from src\main\AndroidManifest.xml:21:3-52
	android:glEsVersion
		ADDED from src\main\AndroidManifest.xml:21:17-49
uses-feature#android.hardware.vulkan
ADDED from src\main\AndroidManifest.xml:22:3-83
	android:required
		ADDED from src\main\AndroidManifest.xml:22:56-80
	android:name
		ADDED from src\main\AndroidManifest.xml:22:17-55
uses-permission#android.permission.INTERNET
ADDED from src\main\AndroidManifest.xml:23:3-65
	android:name
		ADDED from src\main\AndroidManifest.xml:23:20-62
uses-permission#android.permission.CAMERA
ADDED from src\main\AndroidManifest.xml:24:3-63
	android:name
		ADDED from src\main\AndroidManifest.xml:24:20-60
uses-feature#android.hardware.camera
ADDED from src\main\AndroidManifest.xml:25:3-83
	android:required
		ADDED from src\main\AndroidManifest.xml:25:56-80
	android:name
		ADDED from src\main\AndroidManifest.xml:25:17-55
uses-feature#android.hardware.camera.autofocus
ADDED from src\main\AndroidManifest.xml:26:3-93
	android:required
		ADDED from src\main\AndroidManifest.xml:26:66-90
	android:name
		ADDED from src\main\AndroidManifest.xml:26:17-65
uses-feature#android.hardware.camera.front
ADDED from src\main\AndroidManifest.xml:27:3-89
	android:required
		ADDED from src\main\AndroidManifest.xml:27:62-86
	android:name
		ADDED from src\main\AndroidManifest.xml:27:17-61
uses-permission#android.permission.WRITE_EXTERNAL_STORAGE
ADDED from src\main\AndroidManifest.xml:28:3-106
	android:maxSdkVersion
		ADDED from src\main\AndroidManifest.xml:28:77-103
	android:name
		ADDED from src\main\AndroidManifest.xml:28:20-76
uses-permission#android.permission.READ_EXTERNAL_STORAGE
ADDED from src\main\AndroidManifest.xml:29:3-105
	android:maxSdkVersion
		ADDED from src\main\AndroidManifest.xml:29:76-102
	android:name
		ADDED from src\main\AndroidManifest.xml:29:20-75
uses-feature#android.hardware.touchscreen
ADDED from src\main\AndroidManifest.xml:30:3-88
	android:required
		ADDED from src\main\AndroidManifest.xml:30:61-85
	android:name
		ADDED from src\main\AndroidManifest.xml:30:17-60
uses-feature#android.hardware.touchscreen.multitouch
ADDED from src\main\AndroidManifest.xml:31:3-99
	android:required
		ADDED from src\main\AndroidManifest.xml:31:72-96
	android:name
		ADDED from src\main\AndroidManifest.xml:31:17-71
uses-feature#android.hardware.touchscreen.multitouch.distinct
ADDED from src\main\AndroidManifest.xml:32:3-108
	android:required
		ADDED from src\main\AndroidManifest.xml:32:81-105
	android:name
		ADDED from src\main\AndroidManifest.xml:32:17-80